



 --------SCRIPT STARTED--------
2021-05-19T08:56:44.910Z:TP_ETS2_Plugin:DEBUG:Info : We received info from Touch-Portal
2021-05-19T08:56:44.911Z:TP_ETS2_Plugin:INFO:Starting process watcher for Windows
2021-05-19T08:56:46.291Z:TP_ETS2_Plugin:WARN:Telemetry Server not Found! Retry in 5 Seconds!
2021-05-19T08:56:51.963Z:TP_ETS2_Plugin:WARN:Telemetry Server not Found! Retry in 5 Seconds!
2021-05-19T08:56:57.706Z:TP_ETS2_Plugin:WARN:Telemetry Server not Found! Retry in 5 Seconds!



 --------SCRIPT STARTED--------
2021-05-19T08:57:15.878Z:TP_ETS2_Plugin:DEBUG:Info : We received info from Touch-Portal
2021-05-19T08:57:15.879Z:TP_ETS2_Plugin:INFO:Starting process watcher for Windows
2021-05-19T08:57:16.868Z:TP_ETS2_Plugin:WARN:Telemetry Server not Found! Retry in 5 Seconds!
2021-05-19T08:57:22.477Z:TP_ETS2_Plugin:WARN:Telemetry Server not Found! Retry in 5 Seconds!
2021-05-19T08:57:28.120Z:TP_ETS2_Plugin:WARN:Telemetry Server not Found! Retry in 5 Seconds!
2021-05-19T08:57:33.990Z:TP_ETS2_Plugin:WARN:Telemetry Server not Found! Retry in 5 Seconds!
2021-05-19T08:57:39.580Z:TP_ETS2_Plugin:WARN:Telemetry Server not Found! Retry in 5 Seconds!
2021-05-19T08:57:44.581Z:TP_ETS2_Plugin:WARN:Telemetry Server not Found! Plugin closed after 5 Retrys!



 --------SCRIPT STARTED--------
2021-05-19T13:24:34.329Z:TP_ETS2_Plugin:DEBUG:Info : We received info from Touch-Portal
2021-05-19T13:24:34.330Z:TP_ETS2_Plugin:INFO:Starting process watcher for Windows
2021-05-19T13:24:35.234Z:TP_ETS2_Plugin:WARN:Telemetry Server not Found! Retry in 5 Seconds!
2021-05-19T13:24:40.806Z:TP_ETS2_Plugin:WARN:Telemetry Server not Found! Retry in 5 Seconds!
2021-05-19T13:24:46.386Z:TP_ETS2_Plugin:WARN:Telemetry Server not Found! Retry in 5 Seconds!
2021-05-19T13:24:51.932Z:TP_ETS2_Plugin:WARN:Telemetry Server not Found! Retry in 5 Seconds!
2021-05-19T13:24:57.482Z:TP_ETS2_Plugin:WARN:Telemetry Server not Found! Retry in 5 Seconds!
2021-05-19T13:25:02.484Z:TP_ETS2_Plugin:WARN:Telemetry Server not Found! Plugin closed after 5 Retrys!



 --------SCRIPT STARTED--------
2021-05-19T14:20:33.334Z:TP_ETS2_Plugin:DEBUG:Info : We received info from Touch-Portal
2021-05-19T14:20:33.335Z:TP_ETS2_Plugin:INFO:Starting process watcher for Windows
2021-05-19T14:20:34.195Z:TP_ETS2_Plugin:WARN:Telemetry Server not Found! Retry in 5 Seconds!
2021-05-19T14:20:39.805Z:TP_ETS2_Plugin:WARN:Telemetry Server not Found! Retry in 5 Seconds!
2021-05-19T14:20:45.359Z:TP_ETS2_Plugin:WARN:Telemetry Server not Found! Retry in 5 Seconds!
2021-05-19T14:20:50.927Z:TP_ETS2_Plugin:WARN:Telemetry Server not Found! Retry in 5 Seconds!
2021-05-19T14:20:56.437Z:TP_ETS2_Plugin:WARN:Telemetry Server not Found! Retry in 5 Seconds!
2021-05-19T14:21:01.439Z:TP_ETS2_Plugin:WARN:Telemetry Server not Found! Plugin closed after 5 Retrys!



 --------SCRIPT STARTED--------
2021-05-19T14:45:48.410Z:TP_ETS2_Plugin:DEBUG:Info : We received info from Touch-Portal
2021-05-19T14:45:48.411Z:TP_ETS2_Plugin:INFO:Starting process watcher for Windows
2021-05-19T14:45:49.120Z:TP_ETS2_Plugin:WARN:Telemetry Server not Found! Retry in 5 Seconds!
2021-05-19T14:45:54.718Z:TP_ETS2_Plugin:WARN:Telemetry Server not Found! Retry in 5 Seconds!
2021-05-19T14:46:00.271Z:TP_ETS2_Plugin:WARN:Telemetry Server not Found! Retry in 5 Seconds!
2021-05-19T14:46:05.820Z:TP_ETS2_Plugin:WARN:Telemetry Server not Found! Retry in 5 Seconds!
2021-05-19T14:46:11.342Z:TP_ETS2_Plugin:WARN:Telemetry Server not Found! Retry in 5 Seconds!
2021-05-19T14:46:16.343Z:TP_ETS2_Plugin:WARN:Telemetry Server not Found! Plugin closed after 5 Retrys!



 --------SCRIPT STARTED--------
2021-05-19T14:47:53.801Z:TP_ETS2_Plugin:DEBUG:Info : We received info from Touch-Portal
2021-05-19T14:47:53.802Z:TP_ETS2_Plugin:INFO:Starting process watcher for Windows
2021-05-19T14:47:54.426Z:TP_ETS2_Plugin:WARN:Telemetry Server not Found! Retry in 5 Seconds!
2021-05-19T14:48:00.083Z:TP_ETS2_Plugin:WARN:Telemetry Server not Found! Retry in 5 Seconds!
2021-05-19T14:48:05.664Z:TP_ETS2_Plugin:WARN:Telemetry Server not Found! Retry in 5 Seconds!
2021-05-19T14:48:11.245Z:TP_ETS2_Plugin:WARN:Telemetry Server not Found! Retry in 5 Seconds!
2021-05-19T14:48:16.814Z:TP_ETS2_Plugin:WARN:Telemetry Server not Found! Retry in 5 Seconds!
2021-05-19T14:48:21.815Z:TP_ETS2_Plugin:WARN:Telemetry Server not Found! Plugin closed after 5 Retrys!



 --------SCRIPT STARTED--------
2021-05-19T15:22:06.214Z:TP_ETS2_Plugin:DEBUG:Info : We received info from Touch-Portal
2021-05-19T15:22:06.215Z:TP_ETS2_Plugin:INFO:Starting process watcher for Windows
2021-05-19T15:22:06.919Z:TP_ETS2_Plugin:WARN:Telemetry Server not Found! Retry in 5 Seconds!
2021-05-19T15:22:12.505Z:TP_ETS2_Plugin:WARN:Telemetry Server not Found! Retry in 5 Seconds!
2021-05-19T15:22:18.094Z:TP_ETS2_Plugin:WARN:Telemetry Server not Found! Retry in 5 Seconds!
2021-05-19T15:22:23.660Z:TP_ETS2_Plugin:WARN:Telemetry Server not Found! Retry in 5 Seconds!
2021-05-19T15:22:29.224Z:TP_ETS2_Plugin:WARN:Telemetry Server not Found! Retry in 5 Seconds!
2021-05-19T15:22:34.226Z:TP_ETS2_Plugin:WARN:Telemetry Server not Found! Plugin closed after 5 Retrys!



 --------SCRIPT STARTED--------
2021-05-20T13:03:22.521Z:TP_ETS2_Plugin:DEBUG:Info : We received info from Touch-Portal
2021-05-20T13:03:22.522Z:TP_ETS2_Plugin:INFO:Starting process watcher for Windows
2021-05-20T13:03:24.019Z:TP_ETS2_Plugin:WARN:Telemetry Server not Found! Retry in 5 Seconds!
2021-05-20T13:03:29.981Z:TP_ETS2_Plugin:WARN:Telemetry Server not Found! Retry in 5 Seconds!
2021-05-20T13:03:36.584Z:TP_ETS2_Plugin:WARN:Telemetry Server not Found! Retry in 5 Seconds!
2021-05-20T13:03:43.143Z:TP_ETS2_Plugin:INFO:Server loaded up! Script is starting!



 --------SCRIPT STARTED--------
2021-05-20T15:29:54.353Z:TP_ETS2_Plugin:DEBUG:Info : We received info from Touch-Portal
2021-05-20T15:29:54.355Z:TP_ETS2_Plugin:INFO:Starting process watcher for Windows
2021-05-20T15:29:56.175Z:TP_ETS2_Plugin:WARN:Telemetry Server not Found! Retry in 5 Seconds!
2021-05-20T15:30:02.072Z:TP_ETS2_Plugin:INFO:Server loaded up! Script is starting!



 --------SCRIPT STARTED--------
2021-05-21T09:23:42.989Z:TP_ETS2_Plugin:DEBUG:Info : We received info from Touch-Portal
2021-05-21T09:23:42.990Z:TP_ETS2_Plugin:INFO:Starting process watcher for Windows
2021-05-21T09:23:43.886Z:TP_ETS2_Plugin:WARN:Telemetry Server not Found! Retry in 5 Seconds!
2021-05-21T09:23:49.522Z:TP_ETS2_Plugin:WARN:Telemetry Server not Found! Retry in 5 Seconds!
2021-05-21T09:23:55.106Z:TP_ETS2_Plugin:WARN:Telemetry Server not Found! Retry in 5 Seconds!
2021-05-21T09:24:00.753Z:TP_ETS2_Plugin:WARN:Telemetry Server not Found! Retry in 5 Seconds!
2021-05-21T09:24:06.315Z:TP_ETS2_Plugin:WARN:Telemetry Server not Found! Retry in 5 Seconds!
2021-05-21T09:24:11.317Z:TP_ETS2_Plugin:WARN:Telemetry Server not Found! Plugin closed after 5 Retrys!



 --------SCRIPT STARTED--------
2021-05-22T18:54:47.112Z:TP_ETS2_Plugin:DEBUG:Info : We received info from Touch-Portal
2021-05-22T18:54:47.113Z:TP_ETS2_Plugin:INFO:Starting process watcher for Windows
2021-05-22T18:54:48.705Z:TP_ETS2_Plugin:WARN:Telemetry Server not Found! Retry in 5 Seconds!
2021-05-22T18:54:54.743Z:TP_ETS2_Plugin:WARN:Telemetry Server not Found! Retry in 5 Seconds!
2021-05-22T18:55:00.651Z:TP_ETS2_Plugin:WARN:Telemetry Server not Found! Retry in 5 Seconds!
2021-05-22T18:55:06.528Z:TP_ETS2_Plugin:WARN:Telemetry Server not Found! Retry in 5 Seconds!
2021-05-22T18:55:12.340Z:TP_ETS2_Plugin:WARN:Telemetry Server not Found! Retry in 5 Seconds!
2021-05-22T18:55:17.343Z:TP_ETS2_Plugin:WARN:Telemetry Server not Found! Plugin closed after 5 Retrys!



 --------SCRIPT STARTED--------
2021-05-25T18:17:47.059Z:TP_ETS2_Plugin:DEBUG:Info : We received info from Touch-Portal
2021-05-25T18:17:47.060Z:TP_ETS2_Plugin:INFO:Starting process watcher for Windows
2021-05-25T18:17:48.678Z:TP_ETS2_Plugin:WARN:Telemetry Server not Found! Retry in 5 Seconds!
2021-05-25T18:17:54.726Z:TP_ETS2_Plugin:INFO:Server loaded up! Script is starting!



 --------SCRIPT STARTED--------
2021-05-27T20:05:29.353Z:TP_ETS2_Plugin:DEBUG:Info : We received info from Touch-Portal
2021-05-27T20:05:29.354Z:TP_ETS2_Plugin:INFO:Starting process watcher for Windows
2021-05-27T20:05:30.513Z:TP_ETS2_Plugin:WARN:Telemetry Server not Found! Retry in 5 Seconds!
2021-05-27T20:05:36.286Z:TP_ETS2_Plugin:WARN:Telemetry Server not Found! Retry in 5 Seconds!
2021-05-27T20:05:42.012Z:TP_ETS2_Plugin:WARN:Telemetry Server not Found! Retry in 5 Seconds!
2021-05-27T20:05:47.758Z:TP_ETS2_Plugin:WARN:Telemetry Server not Found! Retry in 5 Seconds!
2021-05-27T20:05:53.486Z:TP_ETS2_Plugin:WARN:Telemetry Server not Found! Retry in 5 Seconds!
2021-05-27T20:05:58.489Z:TP_ETS2_Plugin:WARN:Telemetry Server not Found! Plugin closed after 5 Retrys!



 --------SCRIPT STARTED--------
2021-06-02T21:02:41.752Z:TP_ETS2_Plugin:DEBUG:Info : We received info from Touch-Portal
2021-06-02T21:02:41.753Z:TP_ETS2_Plugin:INFO:Starting process watcher for Windows
2021-06-02T21:02:42.679Z:TP_ETS2_Plugin:WARN:Telemetry Server not Found! Retry in 5 Seconds!
2021-06-02T21:02:49.081Z:TP_ETS2_Plugin:WARN:Telemetry Server not Found! Retry in 5 Seconds!
2021-06-02T21:02:55.575Z:TP_ETS2_Plugin:WARN:Telemetry Server not Found! Retry in 5 Seconds!
2021-06-02T21:03:05.087Z:TP_ETS2_Plugin:INFO:Server loaded up! Script is starting!



 --------SCRIPT STARTED--------
2021-06-03T18:32:20.066Z:TP_ETS2_Plugin:DEBUG:Info : We received info from Touch-Portal
2021-06-03T18:32:20.067Z:TP_ETS2_Plugin:INFO:Starting process watcher for Windows
2021-06-03T18:32:20.672Z:TP_ETS2_Plugin:WARN:Telemetry Server not Found! Retry in 5 Seconds!
2021-06-03T18:32:26.166Z:TP_ETS2_Plugin:WARN:Telemetry Server not Found! Retry in 5 Seconds!
2021-06-03T18:32:31.618Z:TP_ETS2_Plugin:WARN:Telemetry Server not Found! Retry in 5 Seconds!
2021-06-03T18:32:37.102Z:TP_ETS2_Plugin:WARN:Telemetry Server not Found! Retry in 5 Seconds!
2021-06-03T18:32:42.564Z:TP_ETS2_Plugin:WARN:Telemetry Server not Found! Retry in 5 Seconds!
2021-06-03T18:32:47.566Z:TP_ETS2_Plugin:WARN:Telemetry Server not Found! Plugin closed after 5 Retrys!



 --------SCRIPT STARTED--------
2021-06-03T18:35:27.550Z:TP_ETS2_Plugin:DEBUG:Info : We received info from Touch-Portal
2021-06-03T18:35:27.550Z:TP_ETS2_Plugin:INFO:Starting process watcher for Windows
2021-06-03T18:35:28.332Z:TP_ETS2_Plugin:WARN:Telemetry Server not Found! Retry in 5 Seconds!
2021-06-03T18:35:33.863Z:TP_ETS2_Plugin:WARN:Telemetry Server not Found! Retry in 5 Seconds!
2021-06-03T18:35:39.392Z:TP_ETS2_Plugin:WARN:Telemetry Server not Found! Retry in 5 Seconds!
2021-06-03T18:35:44.906Z:TP_ETS2_Plugin:WARN:Telemetry Server not Found! Retry in 5 Seconds!
2021-06-03T18:35:50.469Z:TP_ETS2_Plugin:WARN:Telemetry Server not Found! Retry in 5 Seconds!
2021-06-03T18:35:55.472Z:TP_ETS2_Plugin:WARN:Telemetry Server not Found! Plugin closed after 5 Retrys!



 --------SCRIPT STARTED--------
2021-06-04T00:06:40.084Z:TP_ETS2_Plugin:DEBUG:Info : We received info from Touch-Portal
2021-06-04T00:06:40.084Z:TP_ETS2_Plugin:INFO:Starting process watcher for Windows
2021-06-04T00:06:40.733Z:TP_ETS2_Plugin:WARN:Telemetry Server not Found! Retry in 5 Seconds!
2021-06-04T00:06:46.146Z:TP_ETS2_Plugin:WARN:Telemetry Server not Found! Retry in 5 Seconds!
2021-06-04T00:06:51.527Z:TP_ETS2_Plugin:WARN:Telemetry Server not Found! Retry in 5 Seconds!
2021-06-04T00:06:56.928Z:TP_ETS2_Plugin:WARN:Telemetry Server not Found! Retry in 5 Seconds!
2021-06-04T00:07:02.328Z:TP_ETS2_Plugin:WARN:Telemetry Server not Found! Retry in 5 Seconds!
2021-06-04T00:07:07.330Z:TP_ETS2_Plugin:WARN:Telemetry Server not Found! Plugin closed after 5 Retrys!



 --------SCRIPT STARTED--------
2021-06-06T15:07:38.941Z:TP_ETS2_Plugin:DEBUG:Info : We received info from Touch-Portal
2021-06-06T15:07:38.942Z:TP_ETS2_Plugin:INFO:Starting process watcher for Windows
2021-06-06T15:07:39.572Z:TP_ETS2_Plugin:WARN:Telemetry Server not Found! Retry in 5 Seconds!
2021-06-06T15:07:45.000Z:TP_ETS2_Plugin:WARN:Telemetry Server not Found! Retry in 5 Seconds!
2021-06-06T15:07:50.417Z:TP_ETS2_Plugin:WARN:Telemetry Server not Found! Retry in 5 Seconds!
2021-06-06T15:07:55.841Z:TP_ETS2_Plugin:WARN:Telemetry Server not Found! Retry in 5 Seconds!
2021-06-06T15:08:01.254Z:TP_ETS2_Plugin:WARN:Telemetry Server not Found! Retry in 5 Seconds!
2021-06-06T15:08:06.257Z:TP_ETS2_Plugin:WARN:Telemetry Server not Found! Plugin closed after 5 Retrys!



 --------SCRIPT STARTED--------
2021-06-06T16:21:14.448Z:TP_ETS2_Plugin:DEBUG:Info : We received info from Touch-Portal
2021-06-06T16:21:14.449Z:TP_ETS2_Plugin:INFO:Starting process watcher for Windows
2021-06-06T16:21:15.248Z:TP_ETS2_Plugin:WARN:Telemetry Server not Found! Retry in 5 Seconds!
2021-06-06T16:21:20.875Z:TP_ETS2_Plugin:WARN:Telemetry Server not Found! Retry in 5 Seconds!
2021-06-06T16:21:26.321Z:TP_ETS2_Plugin:WARN:Telemetry Server not Found! Retry in 5 Seconds!
2021-06-06T16:21:31.755Z:TP_ETS2_Plugin:WARN:Telemetry Server not Found! Retry in 5 Seconds!
2021-06-06T16:21:37.117Z:TP_ETS2_Plugin:WARN:Telemetry Server not Found! Retry in 5 Seconds!
2021-06-06T16:21:42.120Z:TP_ETS2_Plugin:WARN:Telemetry Server not Found! Plugin closed after 5 Retrys!



 --------SCRIPT STARTED--------
2021-06-08T05:54:33.907Z:TP_ETS2_Plugin:DEBUG:Info : We received info from Touch-Portal
2021-06-08T05:54:33.908Z:TP_ETS2_Plugin:INFO:Starting process watcher for Windows
2021-06-08T05:54:36.056Z:TP_ETS2_Plugin:WARN:Telemetry Server not Found! Retry in 5 Seconds!
2021-06-08T05:54:41.623Z:TP_ETS2_Plugin:WARN:Telemetry Server not Found! Retry in 5 Seconds!
2021-06-08T05:54:48.819Z:TP_ETS2_Plugin:WARN:Telemetry Server not Found! Retry in 5 Seconds!
2021-06-08T05:54:54.250Z:TP_ETS2_Plugin:WARN:Telemetry Server not Found! Retry in 5 Seconds!
2021-06-08T05:54:59.725Z:TP_ETS2_Plugin:WARN:Telemetry Server not Found! Retry in 5 Seconds!
2021-06-08T05:55:04.727Z:TP_ETS2_Plugin:WARN:Telemetry Server not Found! Plugin closed after 5 Retrys!



 --------SCRIPT STARTED--------
2021-06-13T00:34:00.749Z:TP_ETS2_Plugin:DEBUG:Info : We received info from Touch-Portal
2021-06-13T00:34:00.750Z:TP_ETS2_Plugin:INFO:Starting process watcher for Windows
2021-06-13T00:34:02.677Z:TP_ETS2_Plugin:WARN:Telemetry Server not Found! Retry in 5 Seconds!
2021-06-13T00:34:08.996Z:TP_ETS2_Plugin:INFO:Server loaded up! Script is starting!



 --------SCRIPT STARTED--------
2021-06-13T12:50:45.120Z:TP_ETS2_Plugin:DEBUG:Info : We received info from Touch-Portal
2021-06-13T12:50:45.121Z:TP_ETS2_Plugin:INFO:Starting process watcher for Windows
2021-06-13T12:50:46.231Z:TP_ETS2_Plugin:WARN:Telemetry Server not Found! Retry in 5 Seconds!
2021-06-13T12:50:52.038Z:TP_ETS2_Plugin:WARN:Telemetry Server not Found! Retry in 5 Seconds!
2021-06-13T12:50:57.489Z:TP_ETS2_Plugin:WARN:Telemetry Server not Found! Retry in 5 Seconds!
2021-06-13T12:51:05.647Z:TP_ETS2_Plugin:WARN:Telemetry Server not Found! Retry in 5 Seconds!
2021-06-13T12:51:11.046Z:TP_ETS2_Plugin:WARN:Telemetry Server not Found! Retry in 5 Seconds!
2021-06-13T12:51:16.048Z:TP_ETS2_Plugin:WARN:Telemetry Server not Found! Plugin closed after 5 Retrys!



 --------SCRIPT STARTED--------
2021-06-20T20:09:07.418Z:TP_ETS2_Plugin:DEBUG:Info : We received info from Touch-Portal
2021-06-20T20:09:07.419Z:TP_ETS2_Plugin:INFO:Starting process watcher for Windows
2021-06-20T20:09:08.729Z:TP_ETS2_Plugin:WARN:Telemetry Server not Found! Retry in 5 Seconds!
2021-06-20T20:09:15.320Z:TP_ETS2_Plugin:INFO:Server loaded up! Script is starting!



 --------SCRIPT STARTED--------
2021-06-21T07:36:27.422Z:TP_ETS2_Plugin:DEBUG:Info : We received info from Touch-Portal
2021-06-21T07:36:27.423Z:TP_ETS2_Plugin:INFO:Starting process watcher for Windows
2021-06-21T07:36:28.273Z:TP_ETS2_Plugin:WARN:Telemetry Server not Found! Retry in 5 Seconds!
2021-06-21T07:36:33.799Z:TP_ETS2_Plugin:WARN:Telemetry Server not Found! Retry in 5 Seconds!
2021-06-21T07:36:39.653Z:TP_ETS2_Plugin:WARN:Telemetry Server not Found! Retry in 5 Seconds!
2021-06-21T07:36:45.131Z:TP_ETS2_Plugin:WARN:Telemetry Server not Found! Retry in 5 Seconds!
2021-06-21T07:36:50.569Z:TP_ETS2_Plugin:WARN:Telemetry Server not Found! Retry in 5 Seconds!
2021-06-21T07:36:55.570Z:TP_ETS2_Plugin:WARN:Telemetry Server not Found! Plugin closed after 5 Retrys!



 --------SCRIPT STARTED--------
2021-06-22T09:56:04.162Z:TP_ETS2_Plugin:DEBUG:Info : We received info from Touch-Portal
2021-06-22T09:56:04.163Z:TP_ETS2_Plugin:INFO:Starting process watcher for Windows
2021-06-22T09:56:04.861Z:TP_ETS2_Plugin:WARN:Telemetry Server not Found! Retry in 5 Seconds!
2021-06-22T09:56:10.573Z:TP_ETS2_Plugin:WARN:Telemetry Server not Found! Retry in 5 Seconds!
2021-06-22T09:56:16.155Z:TP_ETS2_Plugin:WARN:Telemetry Server not Found! Retry in 5 Seconds!
2021-06-22T09:56:21.984Z:TP_ETS2_Plugin:WARN:Telemetry Server not Found! Retry in 5 Seconds!
2021-06-22T09:56:27.489Z:TP_ETS2_Plugin:WARN:Telemetry Server not Found! Retry in 5 Seconds!
2021-06-22T09:56:32.491Z:TP_ETS2_Plugin:WARN:Telemetry Server not Found! Plugin closed after 5 Retrys!



 --------SCRIPT STARTED--------
2021-06-26T05:08:34.209Z:TP_ETS2_Plugin:DEBUG:Info : We received info from Touch-Portal
2021-06-26T05:08:34.210Z:TP_ETS2_Plugin:INFO:Starting process watcher for Windows
2021-06-26T05:08:35.000Z:TP_ETS2_Plugin:WARN:Telemetry Server not Found! Retry in 5 Seconds!
2021-06-26T05:08:40.829Z:TP_ETS2_Plugin:WARN:Telemetry Server not Found! Retry in 5 Seconds!
2021-06-26T05:08:46.502Z:TP_ETS2_Plugin:WARN:Telemetry Server not Found! Retry in 5 Seconds!
2021-06-26T05:08:51.960Z:TP_ETS2_Plugin:WARN:Telemetry Server not Found! Retry in 5 Seconds!
2021-06-26T05:08:58.351Z:TP_ETS2_Plugin:WARN:Telemetry Server not Found! Retry in 5 Seconds!
2021-06-26T05:09:03.354Z:TP_ETS2_Plugin:WARN:Telemetry Server not Found! Plugin closed after 5 Retrys!



 --------SCRIPT STARTED--------
2021-06-26T09:38:18.760Z:TP_ETS2_Plugin:DEBUG:Info : We received info from Touch-Portal
2021-06-26T09:38:18.762Z:TP_ETS2_Plugin:INFO:Starting process watcher for Windows
2021-06-26T09:38:20.277Z:TP_ETS2_Plugin:WARN:Telemetry Server not Found! Retry in 5 Seconds!
2021-06-26T09:38:26.100Z:TP_ETS2_Plugin:WARN:Telemetry Server not Found! Retry in 5 Seconds!
2021-06-26T09:38:31.994Z:TP_ETS2_Plugin:WARN:Telemetry Server not Found! Retry in 5 Seconds!
2021-06-26T09:38:37.491Z:TP_ETS2_Plugin:WARN:Telemetry Server not Found! Retry in 5 Seconds!
2021-06-26T09:38:43.021Z:TP_ETS2_Plugin:WARN:Telemetry Server not Found! Retry in 5 Seconds!
2021-06-26T09:38:48.024Z:TP_ETS2_Plugin:WARN:Telemetry Server not Found! Plugin closed after 5 Retrys!



 --------SCRIPT STARTED--------
2021-06-30T18:50:34.201Z:TP_ETS2_Plugin:DEBUG:Info : We received info from Touch-Portal
2021-06-30T18:50:34.202Z:TP_ETS2_Plugin:INFO:Starting process watcher for Windows
2021-06-30T18:50:35.111Z:TP_ETS2_Plugin:WARN:Telemetry Server not Found! Retry in 5 Seconds!
2021-06-30T18:50:40.707Z:TP_ETS2_Plugin:WARN:Telemetry Server not Found! Retry in 5 Seconds!
2021-06-30T18:50:46.287Z:TP_ETS2_Plugin:WARN:Telemetry Server not Found! Retry in 5 Seconds!
2021-06-30T18:50:51.971Z:TP_ETS2_Plugin:WARN:Telemetry Server not Found! Retry in 5 Seconds!
2021-06-30T18:50:57.519Z:TP_ETS2_Plugin:WARN:Telemetry Server not Found! Retry in 5 Seconds!
2021-06-30T18:51:02.521Z:TP_ETS2_Plugin:WARN:Telemetry Server not Found! Plugin closed after 5 Retrys!



 --------SCRIPT STARTED--------
2021-07-08T21:19:08.191Z:TP_ETS2_Plugin:DEBUG:Info : We received info from Touch-Portal
2021-07-08T21:19:08.192Z:TP_ETS2_Plugin:INFO:Starting process watcher for Windows
2021-07-08T21:19:09.196Z:TP_ETS2_Plugin:WARN:Telemetry Server not Found! Retry in 5 Seconds!
2021-07-08T21:19:15.143Z:TP_ETS2_Plugin:INFO:Server loaded up! Script is starting!



 --------SCRIPT STARTED--------
2021-07-08T21:49:07.506Z:TP_ETS2_Plugin:DEBUG:Info : We received info from Touch-Portal
2021-07-08T21:49:07.507Z:TP_ETS2_Plugin:INFO:Starting process watcher for Windows
2021-07-08T21:49:09.060Z:TP_ETS2_Plugin:WARN:Telemetry Server not Found! Retry in 5 Seconds!
2021-07-08T21:49:14.732Z:TP_ETS2_Plugin:WARN:Telemetry Server not Found! Retry in 5 Seconds!
2021-07-08T21:49:20.454Z:TP_ETS2_Plugin:WARN:Telemetry Server not Found! Retry in 5 Seconds!
2021-07-08T21:49:25.885Z:TP_ETS2_Plugin:WARN:Telemetry Server not Found! Retry in 5 Seconds!
2021-07-08T21:49:31.348Z:TP_ETS2_Plugin:WARN:Telemetry Server not Found! Retry in 5 Seconds!
2021-07-08T21:49:36.350Z:TP_ETS2_Plugin:WARN:Telemetry Server not Found! Plugin closed after 5 Retrys!



 --------SCRIPT STARTED--------
2021-07-10T10:08:17.915Z:TP_ETS2_Plugin:DEBUG:Info : We received info from Touch-Portal
2021-07-10T10:08:17.916Z:TP_ETS2_Plugin:INFO:Starting process watcher for Windows
2021-07-10T10:08:18.802Z:TP_ETS2_Plugin:WARN:Telemetry Server not Found! Retry in 5 Seconds!
2021-07-10T10:08:24.468Z:TP_ETS2_Plugin:INFO:Server loaded up! Script is starting!



 --------SCRIPT STARTED--------
2021-07-13T06:51:26.130Z:TP_ETS2_Plugin:DEBUG:Info : We received info from Touch-Portal
2021-07-13T06:51:26.131Z:TP_ETS2_Plugin:INFO:Starting process watcher for Windows
2021-07-13T06:51:27.287Z:TP_ETS2_Plugin:WARN:Telemetry Server not Found! Retry in 5 Seconds!
2021-07-13T06:51:32.974Z:TP_ETS2_Plugin:WARN:Telemetry Server not Found! Retry in 5 Seconds!
2021-07-13T06:51:38.843Z:TP_ETS2_Plugin:WARN:Telemetry Server not Found! Retry in 5 Seconds!
2021-07-13T06:51:44.402Z:TP_ETS2_Plugin:WARN:Telemetry Server not Found! Retry in 5 Seconds!
2021-07-13T06:51:50.018Z:TP_ETS2_Plugin:WARN:Telemetry Server not Found! Retry in 5 Seconds!
2021-07-13T06:51:55.021Z:TP_ETS2_Plugin:WARN:Telemetry Server not Found! Plugin closed after 5 Retrys!



 --------SCRIPT STARTED--------
2021-07-25T02:26:21.542Z:TP_ETS2_Plugin:DEBUG:Info : We received info from Touch-Portal
2021-07-25T02:26:21.543Z:TP_ETS2_Plugin:INFO:Starting process watcher for Windows
2021-07-25T02:26:23.032Z:TP_ETS2_Plugin:WARN:Telemetry Server not Found! Retry in 5 Seconds!
2021-07-25T02:26:28.970Z:TP_ETS2_Plugin:INFO:Server loaded up! Script is starting!



 --------SCRIPT STARTED--------
2021-08-01T07:04:45.433Z:TP_ETS2_Plugin:DEBUG:Info : We received info from Touch-Portal
2021-08-01T07:04:45.434Z:TP_ETS2_Plugin:INFO:Starting process watcher for Windows
2021-08-01T07:04:47.245Z:TP_ETS2_Plugin:WARN:Telemetry Server not Found! Retry in 5 Seconds!
2021-08-01T07:04:53.132Z:TP_ETS2_Plugin:INFO:Server loaded up! Script is starting!



 --------SCRIPT STARTED--------
2021-08-11T00:16:07.152Z:TP_ETS2_Plugin:DEBUG:Info : We received info from Touch-Portal
2021-08-11T00:16:07.152Z:TP_ETS2_Plugin:INFO:Starting process watcher for Windows
2021-08-11T00:16:08.265Z:TP_ETS2_Plugin:WARN:Telemetry Server not Found! Retry in 5 Seconds!
2021-08-11T00:16:13.927Z:TP_ETS2_Plugin:WARN:Telemetry Server not Found! Retry in 5 Seconds!
2021-08-11T00:16:19.618Z:TP_ETS2_Plugin:WARN:Telemetry Server not Found! Retry in 5 Seconds!
2021-08-11T00:16:25.246Z:TP_ETS2_Plugin:WARN:Telemetry Server not Found! Retry in 5 Seconds!
2021-08-11T00:16:31.022Z:TP_ETS2_Plugin:WARN:Telemetry Server not Found! Retry in 5 Seconds!
2021-08-11T00:16:36.025Z:TP_ETS2_Plugin:WARN:Telemetry Server not Found! Plugin closed after 5 Retrys!



 --------SCRIPT STARTED--------
2021-08-16T09:12:16.697Z:TP_ETS2_Plugin:DEBUG:Info : We received info from Touch-Portal
2021-08-16T09:12:16.698Z:TP_ETS2_Plugin:INFO:Starting process watcher for Windows
2021-08-16T09:12:18.532Z:TP_ETS2_Plugin:WARN:Telemetry Server not Found! Retry in 5 Seconds!
2021-08-16T09:12:24.256Z:TP_ETS2_Plugin:INFO:Server loaded up! Script is starting!



 --------SCRIPT STARTED--------
2021-09-03T10:16:14.773Z:TP_ETS2_Plugin:DEBUG:Info : We received info from Touch-Portal
2021-09-03T10:16:14.775Z:TP_ETS2_Plugin:INFO:Starting process watcher for Windows
2021-09-03T10:16:16.634Z:TP_ETS2_Plugin:WARN:Telemetry Server not Found! Retry in 5 Seconds!
2021-09-03T10:16:23.139Z:TP_ETS2_Plugin:INFO:Server loaded up! Script is starting!



 --------SCRIPT STARTED--------
2021-09-24T07:23:39.434Z:TP_ETS2_Plugin:DEBUG:Info : We received info from Touch-Portal
2021-09-24T07:23:39.435Z:TP_ETS2_Plugin:INFO:Starting process watcher for Windows
2021-09-24T07:23:40.582Z:TP_ETS2_Plugin:WARN:Telemetry Server not Found! Retry in 5 Seconds!
2021-09-24T07:23:46.216Z:TP_ETS2_Plugin:WARN:Telemetry Server not Found! Retry in 5 Seconds!
2021-09-24T07:23:52.019Z:TP_ETS2_Plugin:WARN:Telemetry Server not Found! Retry in 5 Seconds!
2021-09-24T07:23:57.935Z:TP_ETS2_Plugin:WARN:Telemetry Server not Found! Retry in 5 Seconds!
2021-09-24T07:24:03.506Z:TP_ETS2_Plugin:WARN:Telemetry Server not Found! Retry in 5 Seconds!
2021-09-24T07:24:08.508Z:TP_ETS2_Plugin:WARN:Telemetry Server not Found! Plugin closed after 5 Retrys!



 --------SCRIPT STARTED--------
2021-09-25T06:12:47.680Z:TP_ETS2_Plugin:DEBUG:Info : We received info from Touch-Portal
2021-09-25T06:12:47.681Z:TP_ETS2_Plugin:INFO:Starting process watcher for Windows
2021-09-25T06:12:49.046Z:TP_ETS2_Plugin:WARN:Telemetry Server not Found! Retry in 5 Seconds!
2021-09-25T06:12:54.939Z:TP_ETS2_Plugin:INFO:Server loaded up! Script is starting!



 --------SCRIPT STARTED--------
2021-09-25T06:16:46.883Z:TP_ETS2_Plugin:DEBUG:Info : We received info from Touch-Portal
2021-09-25T06:16:46.884Z:TP_ETS2_Plugin:INFO:Starting process watcher for Windows
2021-09-25T06:16:47.636Z:TP_ETS2_Plugin:WARN:Telemetry Server not Found! Retry in 5 Seconds!
2021-09-25T06:16:53.198Z:TP_ETS2_Plugin:WARN:Telemetry Server not Found! Retry in 5 Seconds!
2021-09-25T06:16:58.639Z:TP_ETS2_Plugin:WARN:Telemetry Server not Found! Retry in 5 Seconds!
2021-09-25T06:17:04.191Z:TP_ETS2_Plugin:WARN:Telemetry Server not Found! Retry in 5 Seconds!
2021-09-25T06:17:09.641Z:TP_ETS2_Plugin:WARN:Telemetry Server not Found! Retry in 5 Seconds!
2021-09-25T06:17:14.644Z:TP_ETS2_Plugin:WARN:Telemetry Server not Found! Plugin closed after 5 Retrys!



 --------SCRIPT STARTED--------
2021-10-31T11:15:41.389Z:TP_ETS2_Plugin:DEBUG:Info : We received info from Touch-Portal
2021-10-31T11:15:41.391Z:TP_ETS2_Plugin:INFO:Starting process watcher for Windows
2021-10-31T11:15:42.964Z:TP_ETS2_Plugin:WARN:Telemetry Server not Found! Retry in 5 Seconds!
2021-10-31T11:15:49.127Z:TP_ETS2_Plugin:INFO:Server loaded up! Script is starting!



 --------SCRIPT STARTED--------
2021-10-31T12:19:24.518Z:TP_ETS2_Plugin:DEBUG:Info : We received info from Touch-Portal
2021-10-31T12:19:24.519Z:TP_ETS2_Plugin:INFO:Starting process watcher for Windows
2021-10-31T12:19:25.459Z:TP_ETS2_Plugin:WARN:Telemetry Server not Found! Retry in 5 Seconds!
2021-10-31T12:19:31.226Z:TP_ETS2_Plugin:WARN:Telemetry Server not Found! Retry in 5 Seconds!
2021-10-31T12:19:36.752Z:TP_ETS2_Plugin:WARN:Telemetry Server not Found! Retry in 5 Seconds!
2021-10-31T12:19:42.239Z:TP_ETS2_Plugin:WARN:Telemetry Server not Found! Retry in 5 Seconds!
2021-10-31T12:19:48.667Z:TP_ETS2_Plugin:WARN:Telemetry Server not Found! Retry in 5 Seconds!
2021-10-31T12:19:53.670Z:TP_ETS2_Plugin:WARN:Telemetry Server not Found! Plugin closed after 5 Retrys!



 --------SCRIPT STARTED--------
2021-11-13T11:02:20.326Z:TP_ETS2_Plugin:DEBUG:Info : We received info from Touch-Portal
2021-11-13T11:02:20.327Z:TP_ETS2_Plugin:INFO:Starting process watcher for Windows
2021-11-13T11:02:21.294Z:TP_ETS2_Plugin:WARN:Telemetry Server not Found! Retry in 5 Seconds!
2021-11-13T11:02:27.197Z:TP_ETS2_Plugin:INFO:Server loaded up! Script is starting!



 --------SCRIPT STARTED--------
2021-11-13T11:08:37.560Z:TP_ETS2_Plugin:DEBUG:Info : We received info from Touch-Portal
2021-11-13T11:08:37.561Z:TP_ETS2_Plugin:INFO:Starting process watcher for Windows
2021-11-13T11:08:38.658Z:TP_ETS2_Plugin:WARN:Telemetry Server not Found! Retry in 5 Seconds!
2021-11-13T11:08:44.347Z:TP_ETS2_Plugin:WARN:Telemetry Server not Found! Retry in 5 Seconds!
2021-11-13T11:08:49.793Z:TP_ETS2_Plugin:WARN:Telemetry Server not Found! Retry in 5 Seconds!
2021-11-13T11:09:01.135Z:TP_ETS2_Plugin:WARN:Telemetry Server not Found! Retry in 5 Seconds!
2021-11-13T11:09:06.526Z:TP_ETS2_Plugin:WARN:Telemetry Server not Found! Retry in 5 Seconds!
2021-11-13T11:09:11.527Z:TP_ETS2_Plugin:WARN:Telemetry Server not Found! Plugin closed after 5 Retrys!



 --------SCRIPT STARTED--------
2021-11-21T05:18:33.464Z:TP_ETS2_Plugin:DEBUG:Info : We received info from Touch-Portal
2021-11-21T05:18:33.465Z:TP_ETS2_Plugin:INFO:Starting process watcher for Windows
2021-11-21T05:18:36.317Z:TP_ETS2_Plugin:WARN:Telemetry Server not Found! Retry in 5 Seconds!
2021-11-21T05:18:43.981Z:TP_ETS2_Plugin:INFO:Server loaded up! Script is starting!



 --------SCRIPT STARTED--------
2021-12-07T20:12:29.961Z:TP_ETS2_Plugin:DEBUG:Info : We received info from Touch-Portal
2021-12-07T20:12:29.962Z:TP_ETS2_Plugin:INFO:Starting process watcher for Windows
2021-12-07T20:12:31.086Z:TP_ETS2_Plugin:WARN:Telemetry Server not Found! Retry in 5 Seconds!
2021-12-07T20:12:36.726Z:TP_ETS2_Plugin:WARN:Telemetry Server not Found! Retry in 5 Seconds!
2021-12-07T20:12:42.381Z:TP_ETS2_Plugin:WARN:Telemetry Server not Found! Retry in 5 Seconds!
2021-12-07T20:12:48.052Z:TP_ETS2_Plugin:WARN:Telemetry Server not Found! Retry in 5 Seconds!
2021-12-07T20:12:53.640Z:TP_ETS2_Plugin:WARN:Telemetry Server not Found! Retry in 5 Seconds!
2021-12-07T20:12:58.643Z:TP_ETS2_Plugin:WARN:Telemetry Server not Found! Plugin closed after 5 Retrys!



 --------SCRIPT STARTED--------
2021-12-07T20:14:00.704Z:TP_ETS2_Plugin:DEBUG:Info : We received info from Touch-Portal
2021-12-07T20:14:00.705Z:TP_ETS2_Plugin:INFO:Starting process watcher for Windows
2021-12-07T20:14:01.515Z:TP_ETS2_Plugin:WARN:Telemetry Server not Found! Retry in 5 Seconds!
2021-12-07T20:14:07.128Z:TP_ETS2_Plugin:WARN:Telemetry Server not Found! Retry in 5 Seconds!
2021-12-07T20:14:12.727Z:TP_ETS2_Plugin:WARN:Telemetry Server not Found! Retry in 5 Seconds!
2021-12-07T20:14:18.272Z:TP_ETS2_Plugin:WARN:Telemetry Server not Found! Retry in 5 Seconds!
2021-12-07T20:14:23.860Z:TP_ETS2_Plugin:WARN:Telemetry Server not Found! Retry in 5 Seconds!
2021-12-07T20:14:28.862Z:TP_ETS2_Plugin:WARN:Telemetry Server not Found! Plugin closed after 5 Retrys!



 --------SCRIPT STARTED--------
2022-01-30T05:59:20.103Z:TP_ETS2_Plugin:DEBUG:Info : We received info from Touch-Portal
2022-01-30T05:59:20.104Z:TP_ETS2_Plugin:INFO:Starting process watcher for Windows
2022-01-30T05:59:22.191Z:TP_ETS2_Plugin:WARN:Telemetry Server not Found! Retry in 5 Seconds!
2022-01-30T05:59:30.387Z:TP_ETS2_Plugin:INFO:Server loaded up! Script is starting!



 --------SCRIPT STARTED--------
2022-01-30T06:03:16.348Z:TP_ETS2_Plugin:DEBUG:Info : We received info from Touch-Portal
2022-01-30T06:03:16.349Z:TP_ETS2_Plugin:INFO:Starting process watcher for Windows
2022-01-30T06:03:19.686Z:TP_ETS2_Plugin:WARN:Telemetry Server not Found! Retry in 5 Seconds!
2022-01-30T06:03:28.663Z:TP_ETS2_Plugin:INFO:Server loaded up! Script is starting!



 --------SCRIPT STARTED--------
2022-02-05T06:03:38.884Z:TP_ETS2_Plugin:DEBUG:Info : We received info from Touch-Portal
2022-02-05T06:03:38.885Z:TP_ETS2_Plugin:INFO:Starting process watcher for Windows
2022-02-05T06:03:39.891Z:TP_ETS2_Plugin:WARN:Telemetry Server not Found! Retry in 5 Seconds!
2022-02-05T06:03:45.603Z:TP_ETS2_Plugin:WARN:Telemetry Server not Found! Retry in 5 Seconds!
2022-02-05T06:03:51.299Z:TP_ETS2_Plugin:WARN:Telemetry Server not Found! Retry in 5 Seconds!
2022-02-05T06:03:57.160Z:TP_ETS2_Plugin:WARN:Telemetry Server not Found! Retry in 5 Seconds!
2022-02-05T06:04:02.772Z:TP_ETS2_Plugin:WARN:Telemetry Server not Found! Retry in 5 Seconds!
2022-02-05T06:04:07.775Z:TP_ETS2_Plugin:WARN:Telemetry Server not Found! Plugin closed after 5 Retrys!



 --------SCRIPT STARTED--------
2022-02-15T10:11:48.623Z:TP_ETS2_Plugin:DEBUG:Info : We received info from Touch-Portal
2022-02-15T10:11:48.624Z:TP_ETS2_Plugin:INFO:Starting process watcher for Windows
2022-02-15T10:11:49.677Z:TP_ETS2_Plugin:WARN:Telemetry Server not Found! Retry in 5 Seconds!
2022-02-15T10:11:55.692Z:TP_ETS2_Plugin:INFO:Server loaded up! Script is starting!



 --------SCRIPT STARTED--------
2022-02-19T07:16:39.825Z:TP_ETS2_Plugin:DEBUG:Info : We received info from Touch-Portal
2022-02-19T07:16:39.826Z:TP_ETS2_Plugin:INFO:Starting process watcher for Windows
2022-02-19T07:16:43.469Z:TP_ETS2_Plugin:WARN:Telemetry Server not Found! Retry in 5 Seconds!
2022-02-19T07:16:49.046Z:TP_ETS2_Plugin:WARN:Telemetry Server not Found! Retry in 5 Seconds!
2022-02-19T07:16:54.579Z:TP_ETS2_Plugin:WARN:Telemetry Server not Found! Retry in 5 Seconds!
2022-02-19T07:17:02.051Z:TP_ETS2_Plugin:WARN:Telemetry Server not Found! Retry in 5 Seconds!
2022-02-19T07:17:07.563Z:TP_ETS2_Plugin:WARN:Telemetry Server not Found! Retry in 5 Seconds!
2022-02-19T07:17:12.565Z:TP_ETS2_Plugin:WARN:Telemetry Server not Found! Plugin closed after 5 Retrys!



 --------SCRIPT STARTED--------
2022-02-19T17:07:29.502Z:TP_ETS2_Plugin:DEBUG:Info : We received info from Touch-Portal
2022-02-19T17:07:29.502Z:TP_ETS2_Plugin:INFO:Starting process watcher for Windows
2022-02-19T17:07:30.353Z:TP_ETS2_Plugin:WARN:Telemetry Server not Found! Retry in 5 Seconds!
2022-02-19T17:07:35.967Z:TP_ETS2_Plugin:WARN:Telemetry Server not Found! Retry in 5 Seconds!
2022-02-19T17:07:41.532Z:TP_ETS2_Plugin:WARN:Telemetry Server not Found! Retry in 5 Seconds!
2022-02-19T17:07:47.114Z:TP_ETS2_Plugin:WARN:Telemetry Server not Found! Retry in 5 Seconds!
2022-02-19T17:07:52.670Z:TP_ETS2_Plugin:WARN:Telemetry Server not Found! Retry in 5 Seconds!
2022-02-19T17:07:57.670Z:TP_ETS2_Plugin:WARN:Telemetry Server not Found! Plugin closed after 5 Retrys!



 --------SCRIPT STARTED--------
2022-02-22T10:19:05.366Z:TP_ETS2_Plugin:DEBUG:Info : We received info from Touch-Portal
2022-02-22T10:19:05.366Z:TP_ETS2_Plugin:INFO:Starting process watcher for Windows
2022-02-22T10:19:06.633Z:TP_ETS2_Plugin:WARN:Telemetry Server not Found! Retry in 5 Seconds!
2022-02-22T10:19:12.202Z:TP_ETS2_Plugin:WARN:Telemetry Server not Found! Retry in 5 Seconds!
2022-02-22T10:19:17.659Z:TP_ETS2_Plugin:WARN:Telemetry Server not Found! Retry in 5 Seconds!
2022-02-22T10:19:25.410Z:TP_ETS2_Plugin:WARN:Telemetry Server not Found! Retry in 5 Seconds!
2022-02-22T10:19:30.812Z:TP_ETS2_Plugin:WARN:Telemetry Server not Found! Retry in 5 Seconds!
2022-02-22T10:19:35.816Z:TP_ETS2_Plugin:WARN:Telemetry Server not Found! Plugin closed after 5 Retrys!



 --------SCRIPT STARTED--------
2022-02-26T16:12:13.927Z:TP_ETS2_Plugin:DEBUG:Info : We received info from Touch-Portal
2022-02-26T16:12:13.928Z:TP_ETS2_Plugin:INFO:Starting process watcher for Windows
2022-02-26T16:12:14.986Z:TP_ETS2_Plugin:WARN:Telemetry Server not Found! Retry in 5 Seconds!
2022-02-26T16:12:20.469Z:TP_ETS2_Plugin:WARN:Telemetry Server not Found! Retry in 5 Seconds!
2022-02-26T16:12:25.880Z:TP_ETS2_Plugin:WARN:Telemetry Server not Found! Retry in 5 Seconds!
2022-02-26T16:12:31.242Z:TP_ETS2_Plugin:WARN:Telemetry Server not Found! Retry in 5 Seconds!
2022-02-26T16:12:36.666Z:TP_ETS2_Plugin:WARN:Telemetry Server not Found! Retry in 5 Seconds!
2022-02-26T16:12:41.669Z:TP_ETS2_Plugin:WARN:Telemetry Server not Found! Plugin closed after 5 Retrys!